[18-May-2025 22:02:22 Europe/Berlin] PHP Fatal error:  Uncaught ValueError: Path cannot be empty in C:\xampp\htdocs\dashboard\PHPMailer\PHPMailer.old.php:119
Stack trace:
#0 C:\xampp\htdocs\dashboard\PHPMailer\PHPMailer.old.php(119): error_log('Iniciando envio...', 3)
#1 C:\xampp\htdocs\dashboard\lib\ModernEmailSender.php(47): PHPMailer->send()
#2 C:\xampp\htdocs\dashboard\processar_recuperacao.php(54): ModernEmailSender::enviar('josealexandregu...', '', 'Recupera\xC3\xA7\xC3\xA3o d...', '\n        <p>Hel...')
#3 {main}
  thrown in C:\xampp\htdocs\dashboard\PHPMailer\PHPMailer.old.php on line 119
[18-May-2025 22:04:50 Europe/Berlin] PHP Warning:  mail(): Failed to connect to mailserver at &quot;localhost&quot; port 25, verify your &quot;SMTP&quot; and &quot;smtp_port&quot; setting in php.ini or use ini_set() in C:\xampp\htdocs\dashboard\PHPMailer\PHPMailer.old.php on line 125
[18-May-2025 22:04:50 Europe/Berlin] Erro ao enviar email: mail(): Failed to connect to mailserver at &quot;localhost&quot; port 25, verify your &quot;SMTP&quot; and &quot;smtp_port&quot; setting in php.ini or use ini_set()
[18-May-2025 22:04:50 Europe/Berlin] Email error: 
[18-May-2025 22:05:41 Europe/Berlin] PHP Fatal error:  Allowed memory size of 536870912 bytes exhausted (tried to allocate 262144 bytes) in C:\xampp\htdocs\dashboard\PHPMailer\PHPMailer.old.php on line 117
[18-May-2025 22:06:05 Europe/Berlin] PHP Fatal error:  Allowed memory size of 536870912 bytes exhausted (tried to allocate 262144 bytes) in C:\xampp\htdocs\dashboard\PHPMailer\PHPMailer.old.php on line 117
[18-May-2025 22:06:50 Europe/Berlin] PHP Warning:  mail(): Failed to connect to mailserver at &quot;localhost&quot; port 25, verify your &quot;SMTP&quot; and &quot;smtp_port&quot; setting in php.ini or use ini_set() in C:\xampp\htdocs\dashboard\PHPMailer\PHPMailer.old.php on line 125
[18-May-2025 22:06:50 Europe/Berlin] Erro ao enviar email: mail(): Failed to connect to mailserver at &quot;localhost&quot; port 25, verify your &quot;SMTP&quot; and &quot;smtp_port&quot; setting in php.ini or use ini_set()
[18-May-2025 22:06:50 Europe/Berlin] Email error: 
[18-May-2025 22:07:52 Europe/Berlin] PHP Fatal error:  Allowed memory size of 536870912 bytes exhausted (tried to allocate 262144 bytes) in C:\xampp\htdocs\dashboard\PHPMailer\PHPMailer.old.php on line 117
[18-May-2025 22:10:56 Europe/Berlin] PHP Fatal error:  Uncaught Error: Class "GmailEmailSender" not found in C:\xampp\htdocs\dashboard\PHPMailer\PHPMailer.old.php:117
Stack trace:
#0 C:\xampp\htdocs\dashboard\lib\ModernEmailSender.php(47): PHPMailer->send()
#1 C:\xampp\htdocs\dashboard\processar_recuperacao.php(54): ModernEmailSender::enviar('josealexandregu...', '', 'Recupera\xC3\xA7\xC3\xA3o d...', '\n        <p>Hel...')
#2 {main}
  thrown in C:\xampp\htdocs\dashboard\PHPMailer\PHPMailer.old.php on line 117
[18-May-2025 22:11:50 Europe/Berlin] PHP Fatal error:  Allowed memory size of 536870912 bytes exhausted (tried to allocate 262144 bytes) in C:\xampp\htdocs\dashboard\PHPMailer\PHPMailer.old.php on line 137
[18-May-2025 22:12:59 Europe/Berlin] PHP Warning:  mail(): Failed to connect to mailserver at &quot;localhost&quot; port 25, verify your &quot;SMTP&quot; and &quot;smtp_port&quot; setting in php.ini or use ini_set() in C:\xampp\htdocs\dashboard\PHPMailer\PHPMailer.old.php on line 126
[18-May-2025 22:12:59 Europe/Berlin] Erro ao enviar email: mail(): Failed to connect to mailserver at &quot;localhost&quot; port 25, verify your &quot;SMTP&quot; and &quot;smtp_port&quot; setting in php.ini or use ini_set()
[18-May-2025 22:12:59 Europe/Berlin] Email error: 
[18-May-2025 22:15:51 Europe/Berlin] PHP Fatal error:  Allowed memory size of 536870912 bytes exhausted (tried to allocate 8192 bytes) in C:\xampp\htdocs\dashboard\PHPMailer\PHPMailer.old.php on line 118
[18-May-2025 22:18:32 Europe/Berlin] PHP Fatal error:  Allowed memory size of 536870912 bytes exhausted (tried to allocate 262144 bytes) in C:\xampp\htdocs\dashboard\PHPMailer\PHPMailer.old.php on line 133
[18-May-2025 22:19:15 Europe/Berlin] PHP Warning:  mail(): Failed to connect to mailserver at &quot;localhost&quot; port 25, verify your &quot;SMTP&quot; and &quot;smtp_port&quot; setting in php.ini or use ini_set() in C:\xampp\htdocs\dashboard\PHPMailer\PHPMailer.old.php on line 126
[18-May-2025 22:19:15 Europe/Berlin] Erro ao enviar email: mail(): Failed to connect to mailserver at &quot;localhost&quot; port 25, verify your &quot;SMTP&quot; and &quot;smtp_port&quot; setting in php.ini or use ini_set()
[18-May-2025 22:19:15 Europe/Berlin] Email error: 
[18-May-2025 22:23:00 Europe/Berlin] PHP Fatal error:  Allowed memory size of 536870912 bytes exhausted (tried to allocate 8192 bytes) in C:\xampp\htdocs\dashboard\PHPMailer\PHPMailer.old.php on line 118
[18-May-2025 22:24:41 Europe/Berlin] PHP Fatal error:  Allowed memory size of 536870912 bytes exhausted (tried to allocate 262144 bytes) in C:\xampp\htdocs\dashboard\PHPMailer\PHPMailer.old.php on line 133
[18-May-2025 22:25:26 Europe/Berlin] PHP Warning:  mail(): SMTP server response: 530-5.7.0 Must issue a STARTTLS command first. For more information, go to
530-5.7.0  https://support.google.com/a/answer/3221692 and review RFC 3207
530 5.7.0 specifications. ada2fe7eead31-4dfa66bf405sm5603727137.9 - gsmtp in C:\xampp\htdocs\dashboard\PHPMailer\PHPMailer.old.php on line 133
[18-May-2025 22:25:26 Europe/Berlin] Erro ao enviar email: mail(): SMTP server response: 530-5.7.0 Must issue a STARTTLS command first. For more information, go to
530-5.7.0  https://support.google.com/a/answer/3221692 and review RFC 3207
530 5.7.0 specifications. ada2fe7eead31-4dfa66bf405sm5603727137.9 - gsmtp
[18-May-2025 22:25:26 Europe/Berlin] Email error: 
[18-May-2025 22:26:08 Europe/Berlin] PHP Fatal error:  Uncaught Error: Undefined constant PHPMailer::ENCRYPTION_STARTTLS in C:\xampp\htdocs\dashboard\PHPMailer\PHPMailer.old.php:124
Stack trace:
#0 C:\xampp\htdocs\dashboard\lib\ModernEmailSender.php(47): PHPMailer->send()
#1 C:\xampp\htdocs\dashboard\processar_recuperacao.php(54): ModernEmailSender::enviar('josealexandregu...', '', 'Recupera\xC3\xA7\xC3\xA3o d...', '\n        <p>Hel...')
#2 {main}
  thrown in C:\xampp\htdocs\dashboard\PHPMailer\PHPMailer.old.php on line 124
[18-May-2025 22:27:51 Europe/Berlin] PHP Fatal error:  Uncaught Error: Class "PHPMailer\PHPMailer\PHPMailer" not found in C:\xampp\htdocs\dashboard\PHPMailer\PHPMailer.old.php:121
Stack trace:
#0 C:\xampp\htdocs\dashboard\lib\ModernEmailSender.php(47): CustomEmailSender->send()
#1 C:\xampp\htdocs\dashboard\processar_recuperacao.php(54): ModernEmailSender::enviar('josealexandregu...', '', 'Recupera\xC3\xA7\xC3\xA3o d...', '\n        <p>Hel...')
#2 {main}
  thrown in C:\xampp\htdocs\dashboard\PHPMailer\PHPMailer.old.php on line 121
[18-May-2025 22:28:45 Europe/Berlin] PHP Warning:  mail(): Failed to connect to mailserver at &quot;localhost&quot; port 25, verify your &quot;SMTP&quot; and &quot;smtp_port&quot; setting in php.ini or use ini_set() in C:\xampp\htdocs\dashboard\PHPMailer\PHPMailer.php on line 105
[18-May-2025 22:28:45 Europe/Berlin] Erro ao enviar email: 
[18-May-2025 22:28:45 Europe/Berlin] Email error: 
[18-May-2025 22:31:24 Europe/Berlin] PHP Warning:  mail(): Failed to connect to mailserver at &quot;localhost&quot; port 25, verify your &quot;SMTP&quot; and &quot;smtp_port&quot; setting in php.ini or use ini_set() in C:\xampp\htdocs\dashboard\PHPMailer\PHPMailer.php on line 105
[18-May-2025 22:31:24 Europe/Berlin] Erro ao enviar email: 
[18-May-2025 22:31:24 Europe/Berlin] Email error: 
[18-May-2025 22:33:08 Europe/Berlin] PHP Deprecated:  Creation of dynamic property PHPMailer::$CharSet is deprecated in C:\xampp\htdocs\dashboard\PHPMailer\PHPMailer.php on line 15
[18-May-2025 22:33:08 Europe/Berlin] PHP Deprecated:  Creation of dynamic property PHPMailer::$ContentType is deprecated in C:\xampp\htdocs\dashboard\PHPMailer\PHPMailer.php on line 16
[18-May-2025 22:33:08 Europe/Berlin] PHP Deprecated:  Creation of dynamic property PHPMailer::$Encoding is deprecated in C:\xampp\htdocs\dashboard\PHPMailer\PHPMailer.php on line 17
[18-May-2025 22:33:08 Europe/Berlin] PHP Deprecated:  Creation of dynamic property PHPMailer::$ErrorInfo is deprecated in C:\xampp\htdocs\dashboard\PHPMailer\PHPMailer.php on line 18
[18-May-2025 22:33:08 Europe/Berlin] PHP Deprecated:  Creation of dynamic property PHPMailer::$From is deprecated in C:\xampp\htdocs\dashboard\PHPMailer\PHPMailer.php on line 19
[18-May-2025 22:33:08 Europe/Berlin] PHP Deprecated:  Creation of dynamic property PHPMailer::$FromName is deprecated in C:\xampp\htdocs\dashboard\PHPMailer\PHPMailer.php on line 20
[18-May-2025 22:33:08 Europe/Berlin] PHP Deprecated:  Creation of dynamic property PHPMailer::$Mailer is deprecated in C:\xampp\htdocs\dashboard\PHPMailer\PHPMailer.php on line 21
[18-May-2025 22:33:08 Europe/Berlin] PHP Deprecated:  Creation of dynamic property PHPMailer::$Host is deprecated in C:\xampp\htdocs\dashboard\PHPMailer\PHPMailer.php on line 22
[18-May-2025 22:33:08 Europe/Berlin] PHP Deprecated:  Creation of dynamic property PHPMailer::$Port is deprecated in C:\xampp\htdocs\dashboard\PHPMailer\PHPMailer.php on line 23
[18-May-2025 22:33:08 Europe/Berlin] PHP Deprecated:  Creation of dynamic property PHPMailer::$SMTPSecure is deprecated in C:\xampp\htdocs\dashboard\PHPMailer\PHPMailer.php on line 24
[18-May-2025 22:33:08 Europe/Berlin] PHP Deprecated:  Creation of dynamic property PHPMailer::$SMTPAuth is deprecated in C:\xampp\htdocs\dashboard\PHPMailer\PHPMailer.php on line 25
[18-May-2025 22:33:10 Europe/Berlin] PHP Warning:  mail(): Failed to connect to mailserver at &quot;localhost&quot; port 25, verify your &quot;SMTP&quot; and &quot;smtp_port&quot; setting in php.ini or use ini_set() in C:\xampp\htdocs\dashboard\PHPMailer\PHPMailer.php on line 117
[18-May-2025 22:33:10 Europe/Berlin] Erro ao enviar email: 
[18-May-2025 22:33:10 Europe/Berlin] Email error: 
[18-May-2025 22:34:12 Europe/Berlin] PHP Deprecated:  Creation of dynamic property CustomEmailSender::$SMTPOptions is deprecated in C:\xampp\htdocs\dashboard\lib\ModernEmailSender.php on line 42
[18-May-2025 22:34:12 Europe/Berlin] PHP Deprecated:  Creation of dynamic property PHPMailer::$CharSet is deprecated in C:\xampp\htdocs\dashboard\PHPMailer\PHPMailer.php on line 15
[18-May-2025 22:34:12 Europe/Berlin] PHP Deprecated:  Creation of dynamic property PHPMailer::$ContentType is deprecated in C:\xampp\htdocs\dashboard\PHPMailer\PHPMailer.php on line 16
[18-May-2025 22:34:12 Europe/Berlin] PHP Deprecated:  Creation of dynamic property PHPMailer::$Encoding is deprecated in C:\xampp\htdocs\dashboard\PHPMailer\PHPMailer.php on line 17
[18-May-2025 22:34:12 Europe/Berlin] PHP Deprecated:  Creation of dynamic property PHPMailer::$ErrorInfo is deprecated in C:\xampp\htdocs\dashboard\PHPMailer\PHPMailer.php on line 18
[18-May-2025 22:34:12 Europe/Berlin] PHP Deprecated:  Creation of dynamic property PHPMailer::$From is deprecated in C:\xampp\htdocs\dashboard\PHPMailer\PHPMailer.php on line 19
[18-May-2025 22:34:12 Europe/Berlin] PHP Deprecated:  Creation of dynamic property PHPMailer::$FromName is deprecated in C:\xampp\htdocs\dashboard\PHPMailer\PHPMailer.php on line 20
[18-May-2025 22:34:12 Europe/Berlin] PHP Deprecated:  Creation of dynamic property PHPMailer::$Mailer is deprecated in C:\xampp\htdocs\dashboard\PHPMailer\PHPMailer.php on line 21
[18-May-2025 22:34:12 Europe/Berlin] PHP Deprecated:  Creation of dynamic property PHPMailer::$Host is deprecated in C:\xampp\htdocs\dashboard\PHPMailer\PHPMailer.php on line 22
[18-May-2025 22:34:12 Europe/Berlin] PHP Deprecated:  Creation of dynamic property PHPMailer::$Port is deprecated in C:\xampp\htdocs\dashboard\PHPMailer\PHPMailer.php on line 23
[18-May-2025 22:34:12 Europe/Berlin] PHP Deprecated:  Creation of dynamic property PHPMailer::$SMTPSecure is deprecated in C:\xampp\htdocs\dashboard\PHPMailer\PHPMailer.php on line 24
[18-May-2025 22:34:12 Europe/Berlin] PHP Deprecated:  Creation of dynamic property PHPMailer::$SMTPAuth is deprecated in C:\xampp\htdocs\dashboard\PHPMailer\PHPMailer.php on line 25
[18-May-2025 22:34:14 Europe/Berlin] PHP Warning:  mail(): Failed to connect to mailserver at &quot;localhost&quot; port 25, verify your &quot;SMTP&quot; and &quot;smtp_port&quot; setting in php.ini or use ini_set() in C:\xampp\htdocs\dashboard\PHPMailer\PHPMailer.php on line 117
[18-May-2025 22:34:14 Europe/Berlin] Erro ao enviar email: 
[18-May-2025 22:34:14 Europe/Berlin] Email error: 
[18-May-2025 22:35:36 Europe/Berlin] PHP Deprecated:  Creation of dynamic property CustomEmailSender::$SMTPOptions is deprecated in C:\xampp\htdocs\dashboard\lib\ModernEmailSender.php on line 42
[18-May-2025 22:35:36 Europe/Berlin] PHP Deprecated:  Creation of dynamic property PHPMailer::$CharSet is deprecated in C:\xampp\htdocs\dashboard\PHPMailer\PHPMailer.php on line 15
[18-May-2025 22:35:36 Europe/Berlin] PHP Deprecated:  Creation of dynamic property PHPMailer::$ContentType is deprecated in C:\xampp\htdocs\dashboard\PHPMailer\PHPMailer.php on line 16
[18-May-2025 22:35:36 Europe/Berlin] PHP Deprecated:  Creation of dynamic property PHPMailer::$Encoding is deprecated in C:\xampp\htdocs\dashboard\PHPMailer\PHPMailer.php on line 17
[18-May-2025 22:35:36 Europe/Berlin] PHP Deprecated:  Creation of dynamic property PHPMailer::$ErrorInfo is deprecated in C:\xampp\htdocs\dashboard\PHPMailer\PHPMailer.php on line 18
[18-May-2025 22:35:36 Europe/Berlin] PHP Deprecated:  Creation of dynamic property PHPMailer::$From is deprecated in C:\xampp\htdocs\dashboard\PHPMailer\PHPMailer.php on line 19
[18-May-2025 22:35:36 Europe/Berlin] PHP Deprecated:  Creation of dynamic property PHPMailer::$FromName is deprecated in C:\xampp\htdocs\dashboard\PHPMailer\PHPMailer.php on line 20
[18-May-2025 22:35:36 Europe/Berlin] PHP Deprecated:  Creation of dynamic property PHPMailer::$Mailer is deprecated in C:\xampp\htdocs\dashboard\PHPMailer\PHPMailer.php on line 21
[18-May-2025 22:35:36 Europe/Berlin] PHP Deprecated:  Creation of dynamic property PHPMailer::$Host is deprecated in C:\xampp\htdocs\dashboard\PHPMailer\PHPMailer.php on line 22
[18-May-2025 22:35:36 Europe/Berlin] PHP Deprecated:  Creation of dynamic property PHPMailer::$Port is deprecated in C:\xampp\htdocs\dashboard\PHPMailer\PHPMailer.php on line 23
[18-May-2025 22:35:36 Europe/Berlin] PHP Deprecated:  Creation of dynamic property PHPMailer::$SMTPSecure is deprecated in C:\xampp\htdocs\dashboard\PHPMailer\PHPMailer.php on line 24
[18-May-2025 22:35:36 Europe/Berlin] PHP Deprecated:  Creation of dynamic property PHPMailer::$SMTPAuth is deprecated in C:\xampp\htdocs\dashboard\PHPMailer\PHPMailer.php on line 25
[18-May-2025 22:35:36 Europe/Berlin] PHP Deprecated:  Creation of dynamic property PHPMailer::$SMTPOptions is deprecated in C:\xampp\htdocs\dashboard\PHPMailer\PHPMailer.old.php on line 138
[18-May-2025 22:35:38 Europe/Berlin] PHP Warning:  mail(): Failed to connect to mailserver at &quot;localhost&quot; port 25, verify your &quot;SMTP&quot; and &quot;smtp_port&quot; setting in php.ini or use ini_set() in C:\xampp\htdocs\dashboard\PHPMailer\PHPMailer.php on line 117
[18-May-2025 22:35:38 Europe/Berlin] Erro ao enviar email: 
[18-May-2025 22:35:38 Europe/Berlin] Email error: 
[18-May-2025 22:36:47 Europe/Berlin] PHP Deprecated:  Creation of dynamic property CustomEmailSender::$SMTPOptions is deprecated in C:\xampp\htdocs\dashboard\lib\ModernEmailSender.php on line 42
[18-May-2025 22:36:47 Europe/Berlin] PHP Deprecated:  Creation of dynamic property PHPMailer::$Mailer is deprecated in C:\xampp\htdocs\dashboard\PHPMailer\PHPMailer.php on line 90
[18-May-2025 22:36:47 Europe/Berlin] PHP Fatal error:  Uncaught Error: Call to undefined method PHPMailer::set() in C:\xampp\htdocs\dashboard\PHPMailer\PHPMailer.php:16
Stack trace:
#0 C:\xampp\htdocs\dashboard\PHPMailer\PHPMailer.old.php(119): PHPMailer->__construct()
#1 C:\xampp\htdocs\dashboard\lib\ModernEmailSender.php(57): CustomEmailSender->send()
#2 C:\xampp\htdocs\dashboard\processar_recuperacao.php(54): ModernEmailSender::enviar('josealexandregu...', '', 'Recupera\xC3\xA7\xC3\xA3o d...', '\n        <p>Hel...')
#3 {main}
  thrown in C:\xampp\htdocs\dashboard\PHPMailer\PHPMailer.php on line 16
[18-May-2025 22:37:31 Europe/Berlin] PHP Deprecated:  Creation of dynamic property CustomEmailSender::$SMTPOptions is deprecated in C:\xampp\htdocs\dashboard\lib\ModernEmailSender.php on line 42
[18-May-2025 22:37:31 Europe/Berlin] PHP Deprecated:  Creation of dynamic property PHPMailer::$Mailer is deprecated in C:\xampp\htdocs\dashboard\PHPMailer\PHPMailer.php on line 88
[18-May-2025 22:37:31 Europe/Berlin] PHP Deprecated:  Creation of dynamic property PHPMailer::$CharSet is deprecated in C:\xampp\htdocs\dashboard\PHPMailer\PHPMailer.php on line 16
[18-May-2025 22:37:31 Europe/Berlin] PHP Deprecated:  Creation of dynamic property PHPMailer::$ContentType is deprecated in C:\xampp\htdocs\dashboard\PHPMailer\PHPMailer.php on line 94
[18-May-2025 22:37:31 Europe/Berlin] PHP Deprecated:  Creation of dynamic property PHPMailer::$Encoding is deprecated in C:\xampp\htdocs\dashboard\PHPMailer\PHPMailer.php on line 18
[18-May-2025 22:37:31 Europe/Berlin] PHP Deprecated:  Creation of dynamic property PHPMailer::$From is deprecated in C:\xampp\htdocs\dashboard\PHPMailer\PHPMailer.php on line 102
[18-May-2025 22:37:31 Europe/Berlin] PHP Deprecated:  Creation of dynamic property PHPMailer::$FromName is deprecated in C:\xampp\htdocs\dashboard\PHPMailer\PHPMailer.php on line 103
[18-May-2025 22:37:31 Europe/Berlin] PHP Deprecated:  Creation of dynamic property PHPMailer::$Host is deprecated in C:\xampp\htdocs\dashboard\PHPMailer\PHPMailer.php on line 21
[18-May-2025 22:37:31 Europe/Berlin] PHP Deprecated:  Creation of dynamic property PHPMailer::$Port is deprecated in C:\xampp\htdocs\dashboard\PHPMailer\PHPMailer.php on line 22
[18-May-2025 22:37:31 Europe/Berlin] PHP Deprecated:  Creation of dynamic property PHPMailer::$SMTPSecure is deprecated in C:\xampp\htdocs\dashboard\PHPMailer\PHPMailer.php on line 23
[18-May-2025 22:37:31 Europe/Berlin] PHP Deprecated:  Creation of dynamic property PHPMailer::$SMTPAuth is deprecated in C:\xampp\htdocs\dashboard\PHPMailer\PHPMailer.php on line 24
[18-May-2025 22:37:31 Europe/Berlin] PHP Deprecated:  Creation of dynamic property PHPMailer::$SMTPOptions is deprecated in C:\xampp\htdocs\dashboard\PHPMailer\PHPMailer.php on line 31
[18-May-2025 22:37:33 Europe/Berlin] PHP Warning:  mail(): Failed to connect to mailserver at &quot;localhost&quot; port 25, verify your &quot;SMTP&quot; and &quot;smtp_port&quot; setting in php.ini or use ini_set() in C:\xampp\htdocs\dashboard\PHPMailer\PHPMailer.php on line 125
[18-May-2025 22:37:33 Europe/Berlin] PHP Warning:  Undefined property: PHPMailer::$ErrorInfo in C:\xampp\htdocs\dashboard\PHPMailer\PHPMailer.old.php on line 150
[18-May-2025 22:37:33 Europe/Berlin] Erro ao enviar email: 
[18-May-2025 22:37:33 Europe/Berlin] Email error: 
[18-May-2025 22:38:56 Europe/Berlin] PHP Warning:  mail(): Failed to connect to mailserver at &quot;localhost&quot; port 25, verify your &quot;SMTP&quot; and &quot;smtp_port&quot; setting in php.ini or use ini_set() in C:\xampp\htdocs\dashboard\PHPMailer\PHPMailer.php on line 125
[18-May-2025 22:38:56 Europe/Berlin] PHP Warning:  Undefined property: PHPMailer::$ErrorInfo in C:\xampp\htdocs\dashboard\PHPMailer\PHPMailer.old.php on line 150
[18-May-2025 22:38:56 Europe/Berlin] Erro ao enviar email: 
[18-May-2025 22:57:56 Europe/Berlin] PHP Warning:  mail(): Failed to connect to mailserver at &quot;localhost&quot; port 25, verify your &quot;SMTP&quot; and &quot;smtp_port&quot; setting in php.ini or use ini_set() in C:\xampp\htdocs\dashboard\PHPMailer\PHPMailer.php on line 125
[18-May-2025 22:57:56 Europe/Berlin] PHP Warning:  Undefined property: PHPMailer::$ErrorInfo in C:\xampp\htdocs\dashboard\PHPMailer\PHPMailer.old.php on line 152
[18-May-2025 22:57:56 Europe/Berlin] Erro ao enviar email: 
[18-May-2025 23:00:29 Europe/Berlin] PHP Warning:  mail(): Failed to connect to mailserver at &quot;localhost&quot; port 25, verify your &quot;SMTP&quot; and &quot;smtp_port&quot; setting in php.ini or use ini_set() in C:\xampp\htdocs\dashboard\PHPMailer\PHPMailer.php on line 125
[18-May-2025 23:00:29 Europe/Berlin] PHP Warning:  Undefined property: PHPMailer::$ErrorInfo in C:\xampp\htdocs\dashboard\PHPMailer\PHPMailer.old.php on line 152
[18-May-2025 23:00:29 Europe/Berlin] Erro ao enviar email: 
[18-May-2025 23:01:58 Europe/Berlin] PHP Deprecated:  Creation of dynamic property CustomEmailSender::$SMTPOptions is deprecated in C:\xampp\htdocs\dashboard\lib\ModernEmailSender.php on line 42
[18-May-2025 23:01:58 Europe/Berlin] PHP Deprecated:  Creation of dynamic property PHPMailer::$Mailer is deprecated in C:\xampp\htdocs\dashboard\PHPMailer\PHPMailer.php on line 88
[18-May-2025 23:01:58 Europe/Berlin] PHP Deprecated:  Creation of dynamic property PHPMailer::$CharSet is deprecated in C:\xampp\htdocs\dashboard\PHPMailer\PHPMailer.php on line 16
[18-May-2025 23:01:58 Europe/Berlin] PHP Deprecated:  Creation of dynamic property PHPMailer::$ContentType is deprecated in C:\xampp\htdocs\dashboard\PHPMailer\PHPMailer.php on line 94
[18-May-2025 23:01:58 Europe/Berlin] PHP Deprecated:  Creation of dynamic property PHPMailer::$Encoding is deprecated in C:\xampp\htdocs\dashboard\PHPMailer\PHPMailer.php on line 18
[18-May-2025 23:01:58 Europe/Berlin] PHP Deprecated:  Creation of dynamic property PHPMailer::$From is deprecated in C:\xampp\htdocs\dashboard\PHPMailer\PHPMailer.php on line 102
[18-May-2025 23:01:58 Europe/Berlin] PHP Deprecated:  Creation of dynamic property PHPMailer::$FromName is deprecated in C:\xampp\htdocs\dashboard\PHPMailer\PHPMailer.php on line 103
[18-May-2025 23:01:58 Europe/Berlin] PHP Deprecated:  Creation of dynamic property PHPMailer::$Host is deprecated in C:\xampp\htdocs\dashboard\PHPMailer\PHPMailer.php on line 21
[18-May-2025 23:01:58 Europe/Berlin] PHP Deprecated:  Creation of dynamic property PHPMailer::$Port is deprecated in C:\xampp\htdocs\dashboard\PHPMailer\PHPMailer.php on line 22
[18-May-2025 23:01:58 Europe/Berlin] PHP Deprecated:  Creation of dynamic property PHPMailer::$SMTPSecure is deprecated in C:\xampp\htdocs\dashboard\PHPMailer\PHPMailer.php on line 23
[18-May-2025 23:01:58 Europe/Berlin] PHP Deprecated:  Creation of dynamic property PHPMailer::$SMTPAuth is deprecated in C:\xampp\htdocs\dashboard\PHPMailer\PHPMailer.php on line 24
[18-May-2025 23:01:58 Europe/Berlin] PHP Deprecated:  Creation of dynamic property PHPMailer::$SMTPOptions is deprecated in C:\xampp\htdocs\dashboard\PHPMailer\PHPMailer.php on line 31
[18-May-2025 23:02:00 Europe/Berlin] PHP Warning:  mail(): Failed to connect to mailserver at &quot;localhost&quot; port 25, verify your &quot;SMTP&quot; and &quot;smtp_port&quot; setting in php.ini or use ini_set() in C:\xampp\htdocs\dashboard\PHPMailer\PHPMailer.php on line 125
[18-May-2025 23:02:00 Europe/Berlin] PHP Warning:  Undefined property: PHPMailer::$ErrorInfo in C:\xampp\htdocs\dashboard\PHPMailer\PHPMailer.old.php on line 152
[18-May-2025 23:02:00 Europe/Berlin] Erro ao enviar email: 
[18-May-2025 23:02:00 Europe/Berlin] Email error: 
[18-May-2025 23:02:44 Europe/Berlin] PHP Warning:  mail(): Failed to connect to mailserver at &quot;localhost&quot; port 25, verify your &quot;SMTP&quot; and &quot;smtp_port&quot; setting in php.ini or use ini_set() in C:\xampp\htdocs\dashboard\PHPMailer\PHPMailer.php on line 125
[18-May-2025 23:02:44 Europe/Berlin] PHP Warning:  Undefined property: PHPMailer::$ErrorInfo in C:\xampp\htdocs\dashboard\PHPMailer\PHPMailer.old.php on line 152
[18-May-2025 23:02:44 Europe/Berlin] Erro ao enviar email: 
[18-May-2025 23:14:48 Europe/Berlin] PHP Fatal error:  Uncaught Error: Class "PHPMailer" not found in C:\xampp\htdocs\dashboard\PHPMailer\PHPMailer.old.php:119
Stack trace:
#0 C:\xampp\htdocs\dashboard\cadastro.php(71): CustomEmailSender->send()
#1 {main}
  thrown in C:\xampp\htdocs\dashboard\PHPMailer\PHPMailer.old.php on line 119
[18-May-2025 23:15:47 Europe/Berlin] PHP Fatal error:  Allowed memory size of 536870912 bytes exhausted (tried to allocate 20480 bytes) in C:\xampp\htdocs\dashboard\PHPMailer\PHPMailer.php on line 139
[18-May-2025 23:19:24 Europe/Berlin] PHP Fatal error:  Allowed memory size of 536870912 bytes exhausted (tried to allocate 20480 bytes) in C:\xampp\htdocs\dashboard\PHPMailer\PHPMailer.php on line 138
[18-May-2025 23:21:19 Europe/Berlin] PHP Fatal error:  Uncaught Error: Call to undefined method CustomEmailSender::isHTML() in C:\xampp\htdocs\dashboard\cadastro.php:47
Stack trace:
#0 {main}
  thrown in C:\xampp\htdocs\dashboard\cadastro.php on line 47
[18-May-2025 23:22:53 Europe/Berlin] PHP Fatal error:  Allowed memory size of 536870912 bytes exhausted (tried to allocate 20480 bytes) in C:\xampp\htdocs\dashboard\PHPMailer\PHPMailer.php on line 138
